C:\USERS\ALEK\DOCUMENTS\GITHUB\SGP4-MICROSOFT-VISUAL-STUDIO-CONVERSION\ASTMATHLIB\ASTMATHLIB\DEBUG\ASTMATHLIB.PCH
C:\USERS\ALEK\DOCUMENTS\GITHUB\SGP4-MICROSOFT-VISUAL-STUDIO-CONVERSION\ASTMATHLIB\ASTMATHLIB\DEBUG\STDAFX.OBJ
C:\USERS\ALEK\DOCUMENTS\GITHUB\SGP4-MICROSOFT-VISUAL-STUDIO-CONVERSION\ASTMATHLIB\ASTMATHLIB\DEBUG\VC110.PDB
C:\USERS\ALEK\DOCUMENTS\GITHUB\SGP4-MICROSOFT-VISUAL-STUDIO-CONVERSION\ASTMATHLIB\ASTMATHLIB\DEBUG\ASTMATH.OBJ
C:\USERS\ALEK\DOCUMENTS\GITHUB\SGP4-MICROSOFT-VISUAL-STUDIO-CONVERSION\ASTMATHLIB\ASTMATHLIB\DEBUG\ASTMATHLIB.OBJ
C:\USERS\ALEK\DOCUMENTS\GITHUB\SGP4-MICROSOFT-VISUAL-STUDIO-CONVERSION\ASTMATHLIB\DEBUG\ASTMATHLIB.LIB
C:\USERS\ALEK\DOCUMENTS\GITHUB\SGP4-MICROSOFT-VISUAL-STUDIO-CONVERSION\ASTTIMEDLL\DEBUG\ASTMATHLIB.LIB
C:\Users\Alek\Documents\GitHub\SGP4-Microsoft-Visual-Studio-Conversion\AstMathLIB\AstMathLIB\Debug\astmath.obj
C:\Users\Alek\Documents\GitHub\SGP4-Microsoft-Visual-Studio-Conversion\AstMathLIB\AstMathLIB\Debug\AstMathLIB.obj
C:\Users\Alek\Documents\GitHub\SGP4-Microsoft-Visual-Studio-Conversion\AstMathLIB\AstMathLIB\Debug\stdafx.obj
C:\Users\Alek\Documents\GitHub\SGP4-Microsoft-Visual-Studio-Conversion\AstMathLIB\AstMathLIB\Debug\cl.command.1.tlog
C:\Users\Alek\Documents\GitHub\SGP4-Microsoft-Visual-Studio-Conversion\AstMathLIB\AstMathLIB\Debug\CL.read.1.tlog
C:\Users\Alek\Documents\GitHub\SGP4-Microsoft-Visual-Studio-Conversion\AstMathLIB\AstMathLIB\Debug\CL.write.1.tlog
C:\Users\Alek\Documents\GitHub\SGP4-Microsoft-Visual-Studio-Conversion\AstMathLIB\AstMathLIB\Debug\Lib-link.read.1.tlog
C:\Users\Alek\Documents\GitHub\SGP4-Microsoft-Visual-Studio-Conversion\AstMathLIB\AstMathLIB\Debug\Lib-link.write.1.tlog
C:\Users\Alek\Documents\GitHub\SGP4-Microsoft-Visual-Studio-Conversion\AstMathLIB\AstMathLIB\Debug\lib.command.1.tlog
C:\Users\Alek\Documents\GitHub\SGP4-Microsoft-Visual-Studio-Conversion\AstMathLIB\AstMathLIB\Debug\AstMathLIB.pch
C:\Users\Alek\Documents\GitHub\SGP4-Microsoft-Visual-Studio-Conversion\AstMathLIB\AstMathLIB\Debug\vc110.idb
C:\Users\Alek\Documents\GitHub\SGP4-Microsoft-Visual-Studio-Conversion\AstMathLIB\AstMathLIB\Debug\vc110.pdb
C:\Users\Alek\Documents\GitHub\SGP4-Microsoft-Visual-Studio-Conversion\AstTimeDLL\Debug\AstMathLIB.lib
