Build started 03/08/2014 22:41:21.
     1>Project "C:\Users\Alek\Documents\SGP4-Microsoft-Visual-Studio-Conversion\AstTimeDLL_2\AstTimeDLL_2\AstTimeDLL_2.vcxproj" on node 2 (Rebuild target(s)).
     1>ClCompile:
         C:\Program Files (x86)\Microsoft Visual Studio 11.0\VC\bin\CL.exe /c /Zi /nologo /W3 /WX- /sdl /O2 /Oi /Oy- /GL /D WIN32 /D NDEBUG /D _WINDOWS /D _USRDLL /D ASTTIMEDLL_2_EXPORTS /D _WINDLL /D _UNICODE /D UNICODE /Gm- /EHsc /MD /GS /Gy /fp:precise /Zc:wchar_t /Zc:forScope /Yc"stdafx.h" /Fp"Release\AstTimeDLL_2.pch" /Fo"Release\\" /Fd"Release\vc110.pdb" /Gd /TP /analyze- /errorReport:prompt stdafx.cpp
         stdafx.cpp
         C:\Program Files (x86)\Microsoft Visual Studio 11.0\VC\bin\CL.exe /c /Zi /nologo /W3 /WX- /sdl /O2 /Oi /Oy- /GL /D WIN32 /D NDEBUG /D _WINDOWS /D _USRDLL /D ASTTIMEDLL_2_EXPORTS /D _WINDLL /D _UNICODE /D UNICODE /Gm- /EHsc /MD /GS /Gy /fp:precise /Zc:wchar_t /Zc:forScope /Yu"stdafx.h" /Fp"Release\AstTimeDLL_2.pch" /Fo"Release\\" /Fd"Release\vc110.pdb" /Gd /TP /analyze- /errorReport:prompt ast2Body.cpp astMath.cpp AstTimeDLL_2.cpp
         ast2Body.cpp
         astMath.cpp
         AstTimeDLL_2.cpp
     1>AstTimeDLL_2.cpp(313): warning C4244: '=' : conversion from 'double' to 'int', possible loss of data
     1>AstTimeDLL_2.cpp(315): warning C4244: '=' : conversion from 'double' to 'int', possible loss of data
         C:\Program Files (x86)\Microsoft Visual Studio 11.0\VC\bin\CL.exe /c /Zi /nologo /W3 /WX- /sdl /O2 /Oi /Oy- /GL /D WIN32 /D NDEBUG /D _WINDOWS /D _USRDLL /D ASTTIMEDLL_2_EXPORTS /D _WINDLL /D _UNICODE /D UNICODE /Gm- /EHsc /MD /GS /Gy /fp:precise /Zc:wchar_t /Zc:forScope /Fo"Release\\" /Fd"Release\vc110.pdb" /Gd /TP /analyze- /errorReport:prompt dllmain.cpp
         dllmain.cpp
       Link:
         C:\Program Files (x86)\Microsoft Visual Studio 11.0\VC\bin\link.exe /ERRORREPORT:PROMPT /OUT:"C:\Users\Alek\Documents\SGP4-Microsoft-Visual-Studio-Conversion\AstTimeDLL_2\Release\AstTimeDLL_2.dll" /INCREMENTAL:NO /NOLOGO kernel32.lib user32.lib gdi32.lib winspool.lib comdlg32.lib advapi32.lib shell32.lib ole32.lib oleaut32.lib uuid.lib odbc32.lib odbccp32.lib /MANIFEST /MANIFESTUAC:"level='asInvoker' uiAccess='false'" /manifest:embed /DEBUG /PDB:"C:\Users\Alek\Documents\SGP4-Microsoft-Visual-Studio-Conversion\AstTimeDLL_2\Release\AstTimeDLL_2.pdb" /SUBSYSTEM:WINDOWS /OPT:REF /OPT:ICF /LTCG /TLBID:1 /DYNAMICBASE /NXCOMPAT /IMPLIB:"C:\Users\Alek\Documents\SGP4-Microsoft-Visual-Studio-Conversion\AstTimeDLL_2\Release\AstTimeDLL_2.lib" /MACHINE:X86 /SAFESEH /DLL Release\ast2Body.obj
         Release\astMath.obj
         Release\AstTimeDLL_2.obj
         Release\dllmain.obj
         Release\stdafx.obj
         Generating code
         Finished generating code
         AstTimeDLL_2.vcxproj -> C:\Users\Alek\Documents\SGP4-Microsoft-Visual-Studio-Conversion\AstTimeDLL_2\Release\AstTimeDLL_2.dll
     1>Done Building Project "C:\Users\Alek\Documents\SGP4-Microsoft-Visual-Studio-Conversion\AstTimeDLL_2\AstTimeDLL_2\AstTimeDLL_2.vcxproj" (Rebuild target(s)).

Build succeeded.

Time Elapsed 00:00:02.68
