Build started 03/08/2014 22:40:38.
     1>Project "C:\Users\Alek\Documents\SGP4-Microsoft-Visual-Studio-Conversion\AstTimeDLL_2\AstTimeDLL_2\AstTimeDLL_2.vcxproj" on node 2 (Rebuild target(s)).
     1>ClCompile:
         C:\Program Files (x86)\Microsoft Visual Studio 11.0\VC\bin\CL.exe /c /ZI /nologo /W3 /WX- /sdl /Od /Oy- /D WIN32 /D _DEBUG /D _WINDOWS /D _USRDLL /D ASTTIMEDLL_2_EXPORTS /D _WINDLL /D _UNICODE /D UNICODE /Gm /EHsc /RTC1 /MDd /GS /fp:precise /Zc:wchar_t /Zc:forScope /Yc"stdafx.h" /Fp"Debug\AstTimeDLL_2.pch" /Fo"Debug\\" /Fd"Debug\vc110.pdb" /Gd /TP /analyze- /errorReport:prompt stdafx.cpp
         stdafx.cpp
         C:\Program Files (x86)\Microsoft Visual Studio 11.0\VC\bin\CL.exe /c /ZI /nologo /W3 /WX- /sdl /Od /Oy- /D WIN32 /D _DEBUG /D _WINDOWS /D _USRDLL /D ASTTIMEDLL_2_EXPORTS /D _WINDLL /D _UNICODE /D UNICODE /Gm /EHsc /RTC1 /MDd /GS /fp:precise /Zc:wchar_t /Zc:forScope /Yu"stdafx.h" /Fp"Debug\AstTimeDLL_2.pch" /Fo"Debug\\" /Fd"Debug\vc110.pdb" /Gd /TP /analyze- /errorReport:prompt ast2Body.cpp astMath.cpp AstTimeDLL_2.cpp
         AstTimeDLL_2.cpp
     1>c:\users\alek\documents\sgp4-microsoft-visual-studio-conversion\asttimedll_2\asttimedll_2\asttimedll_2.cpp(313): warning C4244: '=' : conversion from 'double' to 'int', possible loss of data
     1>c:\users\alek\documents\sgp4-microsoft-visual-studio-conversion\asttimedll_2\asttimedll_2\asttimedll_2.cpp(315): warning C4244: '=' : conversion from 'double' to 'int', possible loss of data
         astMath.cpp
         ast2Body.cpp
         Generating Code...
         C:\Program Files (x86)\Microsoft Visual Studio 11.0\VC\bin\CL.exe /c /ZI /nologo /W3 /WX- /sdl /Od /Oy- /D WIN32 /D _DEBUG /D _WINDOWS /D _USRDLL /D ASTTIMEDLL_2_EXPORTS /D _WINDLL /D _UNICODE /D UNICODE /Gm /EHsc /RTC1 /MDd /GS /fp:precise /Zc:wchar_t /Zc:forScope /Fo"Debug\\" /Fd"Debug\vc110.pdb" /Gd /TP /analyze- /errorReport:prompt dllmain.cpp
         dllmain.cpp
       Link:
         C:\Program Files (x86)\Microsoft Visual Studio 11.0\VC\bin\link.exe /ERRORREPORT:PROMPT /OUT:"C:\Users\Alek\Documents\SGP4-Microsoft-Visual-Studio-Conversion\AstTimeDLL_2\Debug\AstTimeDLL_2.dll" /INCREMENTAL /NOLOGO kernel32.lib user32.lib gdi32.lib winspool.lib comdlg32.lib advapi32.lib shell32.lib ole32.lib oleaut32.lib uuid.lib odbc32.lib odbccp32.lib /MANIFEST /MANIFESTUAC:"level='asInvoker' uiAccess='false'" /manifest:embed /DEBUG /PDB:"C:\Users\Alek\Documents\SGP4-Microsoft-Visual-Studio-Conversion\AstTimeDLL_2\Debug\AstTimeDLL_2.pdb" /SUBSYSTEM:WINDOWS /TLBID:1 /DYNAMICBASE /NXCOMPAT /IMPLIB:"C:\Users\Alek\Documents\SGP4-Microsoft-Visual-Studio-Conversion\AstTimeDLL_2\Debug\AstTimeDLL_2.lib" /MACHINE:X86 /DLL Debug\ast2Body.obj
         Debug\astMath.obj
         Debug\AstTimeDLL_2.obj
         Debug\dllmain.obj
         Debug\stdafx.obj
         AstTimeDLL_2.vcxproj -> C:\Users\Alek\Documents\SGP4-Microsoft-Visual-Studio-Conversion\AstTimeDLL_2\Debug\AstTimeDLL_2.dll
     1>Done Building Project "C:\Users\Alek\Documents\SGP4-Microsoft-Visual-Studio-Conversion\AstTimeDLL_2\AstTimeDLL_2\AstTimeDLL_2.vcxproj" (Rebuild target(s)).

Build succeeded.

Time Elapsed 00:00:02.96
