C:\USERS\ALEK\DOCUMENTS\SGP4-MICROSOFT-VISUAL-STUDIO-CONVERSION\ASTTIMEDLL_2\ASTTIMEDLL_2\DEBUG\ASTTIMEDLL_2.PCH
C:\USERS\ALEK\DOCUMENTS\SGP4-MICROSOFT-VISUAL-STUDIO-CONVERSION\ASTTIMEDLL_2\ASTTIMEDLL_2\DEBUG\STDAFX.OBJ
C:\USERS\ALEK\DOCUMENTS\SGP4-MICROSOFT-VISUAL-STUDIO-CONVERSION\ASTTIMEDLL_2\ASTTIMEDLL_2\DEBUG\VC110.PDB
C:\USERS\ALEK\DOCUMENTS\SGP4-MICROSOFT-VISUAL-STUDIO-CONVERSION\ASTTIMEDLL_2\ASTTIMEDLL_2\DEBUG\AST2BODY.OBJ
C:\USERS\ALEK\DOCUMENTS\SGP4-MICROSOFT-VISUAL-STUDIO-CONVERSION\ASTTIMEDLL_2\ASTTIMEDLL_2\DEBUG\ASTMATH.OBJ
C:\USERS\ALEK\DOCUMENTS\SGP4-MICROSOFT-VISUAL-STUDIO-CONVERSION\ASTTIMEDLL_2\ASTTIMEDLL_2\DEBUG\ASTTIMEDLL_2.OBJ
C:\USERS\ALEK\DOCUMENTS\SGP4-MICROSOFT-VISUAL-STUDIO-CONVERSION\ASTTIMEDLL_2\ASTTIMEDLL_2\DEBUG\DLLMAIN.OBJ
C:\Users\Alek\Documents\SGP4-Microsoft-Visual-Studio-Conversion\AstTimeDLL_2\AstTimeDLL_2\Debug\ast2Body.obj
C:\Users\Alek\Documents\SGP4-Microsoft-Visual-Studio-Conversion\AstTimeDLL_2\AstTimeDLL_2\Debug\astMath.obj
C:\Users\Alek\Documents\SGP4-Microsoft-Visual-Studio-Conversion\AstTimeDLL_2\AstTimeDLL_2\Debug\AstTimeDLL_2.obj
C:\Users\Alek\Documents\SGP4-Microsoft-Visual-Studio-Conversion\AstTimeDLL_2\AstTimeDLL_2\Debug\dllmain.obj
C:\Users\Alek\Documents\SGP4-Microsoft-Visual-Studio-Conversion\AstTimeDLL_2\AstTimeDLL_2\Debug\stdafx.obj
C:\Users\Alek\Documents\SGP4-Microsoft-Visual-Studio-Conversion\AstTimeDLL_2\AstTimeDLL_2\Debug\cl.command.1.tlog
C:\Users\Alek\Documents\SGP4-Microsoft-Visual-Studio-Conversion\AstTimeDLL_2\AstTimeDLL_2\Debug\CL.read.1.tlog
C:\Users\Alek\Documents\SGP4-Microsoft-Visual-Studio-Conversion\AstTimeDLL_2\AstTimeDLL_2\Debug\CL.write.1.tlog
C:\Users\Alek\Documents\SGP4-Microsoft-Visual-Studio-Conversion\AstTimeDLL_2\AstTimeDLL_2\Debug\link-cvtres.read.1.tlog
C:\Users\Alek\Documents\SGP4-Microsoft-Visual-Studio-Conversion\AstTimeDLL_2\AstTimeDLL_2\Debug\link-cvtres.write.1.tlog
C:\Users\Alek\Documents\SGP4-Microsoft-Visual-Studio-Conversion\AstTimeDLL_2\AstTimeDLL_2\Debug\link-rc.read.1.tlog
C:\Users\Alek\Documents\SGP4-Microsoft-Visual-Studio-Conversion\AstTimeDLL_2\AstTimeDLL_2\Debug\link-rc.write.1.tlog
C:\Users\Alek\Documents\SGP4-Microsoft-Visual-Studio-Conversion\AstTimeDLL_2\AstTimeDLL_2\Debug\link.command.1.tlog
C:\Users\Alek\Documents\SGP4-Microsoft-Visual-Studio-Conversion\AstTimeDLL_2\AstTimeDLL_2\Debug\link.read.1.tlog
C:\Users\Alek\Documents\SGP4-Microsoft-Visual-Studio-Conversion\AstTimeDLL_2\AstTimeDLL_2\Debug\link.write.1.tlog
C:\Users\Alek\Documents\SGP4-Microsoft-Visual-Studio-Conversion\AstTimeDLL_2\AstTimeDLL_2\Debug\AstTimeDLL_2.pch
C:\Users\Alek\Documents\SGP4-Microsoft-Visual-Studio-Conversion\AstTimeDLL_2\AstTimeDLL_2\Debug\vc110.idb
C:\Users\Alek\Documents\SGP4-Microsoft-Visual-Studio-Conversion\AstTimeDLL_2\AstTimeDLL_2\Debug\vc110.pdb
C:\Users\Alek\Documents\SGP4-Microsoft-Visual-Studio-Conversion\AstTimeDLL_2\Debug\AstTimeDLL_2.pdb
