Build started 02/08/2014 10:45:32.
     1>Project "C:\Users\Alek\Documents\GitHub\SGP4-Microsoft-Visual-Studio-Conversion\AstTimeDLL\AstTimeDLL\AstTimeDLL.vcxproj" on node 2 (Rebuild target(s)).
     1>ClCompile:
         C:\Program Files (x86)\Microsoft Visual Studio 11.0\VC\bin\CL.exe /c /I"C:\Users\Alek\Documents\GitHub\SGP4-Microsoft-Visual-Studio-Conversion\AstMathLIB\AstMathLIB" /ZI /nologo /W3 /WX- /sdl- /Od /Oy- /D WIN32 /D _DEBUG /D _WINDOWS /D _USRDLL /D ASTTIMEDLL_EXPORTS /D _WINDLL /D _UNICODE /D UNICODE /Gm /EHsc /RTC1 /MDd /GS /fp:precise /Zc:wchar_t /Zc:forScope /Yc"stdafx.h" /Fp"Debug\AstTimeDLL.pch" /Fo"Debug\\" /Fd"Debug\vc110.pdb" /Gd /TP /analyze- /errorReport:prompt stdafx.cpp
         stdafx.cpp
         C:\Program Files (x86)\Microsoft Visual Studio 11.0\VC\bin\CL.exe /c /I"C:\Users\Alek\Documents\GitHub\SGP4-Microsoft-Visual-Studio-Conversion\AstMathLIB\AstMathLIB" /ZI /nologo /W3 /WX- /sdl- /Od /Oy- /D WIN32 /D _DEBUG /D _WINDOWS /D _USRDLL /D ASTTIMEDLL_EXPORTS /D _WINDLL /D _UNICODE /D UNICODE /Gm /EHsc /RTC1 /MDd /GS /fp:precise /Zc:wchar_t /Zc:forScope /Yu"stdafx.h" /Fp"Debug\AstTimeDLL.pch" /Fo"Debug\\" /Fd"Debug\vc110.pdb" /Gd /TP /analyze- /errorReport:prompt AstTimeDLL.cpp
         AstTimeDLL.cpp
     1>c:\users\alek\documents\github\sgp4-microsoft-visual-studio-conversion\asttimedll\asttimedll\asttimedll.cpp(49): warning C4996: 'strcpy': This function or variable may be unsafe. Consider using strcpy_s instead. To disable deprecation, use _CRT_SECURE_NO_WARNINGS. See online help for details.
                 c:\program files (x86)\microsoft visual studio 11.0\vc\include\string.h(110) : see declaration of 'strcpy'
     1>c:\users\alek\documents\github\sgp4-microsoft-visual-studio-conversion\asttimedll\asttimedll\asttimedll.cpp(50): warning C4996: 'strcpy': This function or variable may be unsafe. Consider using strcpy_s instead. To disable deprecation, use _CRT_SECURE_NO_WARNINGS. See online help for details.
                 c:\program files (x86)\microsoft visual studio 11.0\vc\include\string.h(110) : see declaration of 'strcpy'
     1>c:\users\alek\documents\github\sgp4-microsoft-visual-studio-conversion\asttimedll\asttimedll\asttimedll.cpp(51): warning C4996: 'strcpy': This function or variable may be unsafe. Consider using strcpy_s instead. To disable deprecation, use _CRT_SECURE_NO_WARNINGS. See online help for details.
                 c:\program files (x86)\microsoft visual studio 11.0\vc\include\string.h(110) : see declaration of 'strcpy'
     1>c:\users\alek\documents\github\sgp4-microsoft-visual-studio-conversion\asttimedll\asttimedll\asttimedll.cpp(52): warning C4996: 'strcpy': This function or variable may be unsafe. Consider using strcpy_s instead. To disable deprecation, use _CRT_SECURE_NO_WARNINGS. See online help for details.
                 c:\program files (x86)\microsoft visual studio 11.0\vc\include\string.h(110) : see declaration of 'strcpy'
     1>c:\users\alek\documents\github\sgp4-microsoft-visual-studio-conversion\asttimedll\asttimedll\asttimedll.cpp(53): warning C4996: 'strcpy': This function or variable may be unsafe. Consider using strcpy_s instead. To disable deprecation, use _CRT_SECURE_NO_WARNINGS. See online help for details.
                 c:\program files (x86)\microsoft visual studio 11.0\vc\include\string.h(110) : see declaration of 'strcpy'
     1>c:\users\alek\documents\github\sgp4-microsoft-visual-studio-conversion\asttimedll\asttimedll\asttimedll.cpp(54): warning C4996: 'strcpy': This function or variable may be unsafe. Consider using strcpy_s instead. To disable deprecation, use _CRT_SECURE_NO_WARNINGS. See online help for details.
                 c:\program files (x86)\microsoft visual studio 11.0\vc\include\string.h(110) : see declaration of 'strcpy'
     1>c:\users\alek\documents\github\sgp4-microsoft-visual-studio-conversion\asttimedll\asttimedll\asttimedll.cpp(55): warning C4996: 'strcpy': This function or variable may be unsafe. Consider using strcpy_s instead. To disable deprecation, use _CRT_SECURE_NO_WARNINGS. See online help for details.
                 c:\program files (x86)\microsoft visual studio 11.0\vc\include\string.h(110) : see declaration of 'strcpy'
     1>c:\users\alek\documents\github\sgp4-microsoft-visual-studio-conversion\asttimedll\asttimedll\asttimedll.cpp(56): warning C4996: 'strcpy': This function or variable may be unsafe. Consider using strcpy_s instead. To disable deprecation, use _CRT_SECURE_NO_WARNINGS. See online help for details.
                 c:\program files (x86)\microsoft visual studio 11.0\vc\include\string.h(110) : see declaration of 'strcpy'
     1>c:\users\alek\documents\github\sgp4-microsoft-visual-studio-conversion\asttimedll\asttimedll\asttimedll.cpp(57): warning C4996: 'strcpy': This function or variable may be unsafe. Consider using strcpy_s instead. To disable deprecation, use _CRT_SECURE_NO_WARNINGS. See online help for details.
                 c:\program files (x86)\microsoft visual studio 11.0\vc\include\string.h(110) : see declaration of 'strcpy'
     1>c:\users\alek\documents\github\sgp4-microsoft-visual-studio-conversion\asttimedll\asttimedll\asttimedll.cpp(58): warning C4996: 'strcpy': This function or variable may be unsafe. Consider using strcpy_s instead. To disable deprecation, use _CRT_SECURE_NO_WARNINGS. See online help for details.
                 c:\program files (x86)\microsoft visual studio 11.0\vc\include\string.h(110) : see declaration of 'strcpy'
     1>c:\users\alek\documents\github\sgp4-microsoft-visual-studio-conversion\asttimedll\asttimedll\asttimedll.cpp(59): warning C4996: 'strcpy': This function or variable may be unsafe. Consider using strcpy_s instead. To disable deprecation, use _CRT_SECURE_NO_WARNINGS. See online help for details.
                 c:\program files (x86)\microsoft visual studio 11.0\vc\include\string.h(110) : see declaration of 'strcpy'
     1>c:\users\alek\documents\github\sgp4-microsoft-visual-studio-conversion\asttimedll\asttimedll\asttimedll.cpp(60): warning C4996: 'strcpy': This function or variable may be unsafe. Consider using strcpy_s instead. To disable deprecation, use _CRT_SECURE_NO_WARNINGS. See online help for details.
                 c:\program files (x86)\microsoft visual studio 11.0\vc\include\string.h(110) : see declaration of 'strcpy'
     1>c:\users\alek\documents\github\sgp4-microsoft-visual-studio-conversion\asttimedll\asttimedll\asttimedll.cpp(81): warning C4996: 'strcpy': This function or variable may be unsafe. Consider using strcpy_s instead. To disable deprecation, use _CRT_SECURE_NO_WARNINGS. See online help for details.
                 c:\program files (x86)\microsoft visual studio 11.0\vc\include\string.h(110) : see declaration of 'strcpy'
     1>c:\users\alek\documents\github\sgp4-microsoft-visual-studio-conversion\asttimedll\asttimedll\asttimedll.cpp(82): warning C4996: 'strcpy': This function or variable may be unsafe. Consider using strcpy_s instead. To disable deprecation, use _CRT_SECURE_NO_WARNINGS. See online help for details.
                 c:\program files (x86)\microsoft visual studio 11.0\vc\include\string.h(110) : see declaration of 'strcpy'
     1>c:\users\alek\documents\github\sgp4-microsoft-visual-studio-conversion\asttimedll\asttimedll\asttimedll.cpp(83): warning C4996: 'strcpy': This function or variable may be unsafe. Consider using strcpy_s instead. To disable deprecation, use _CRT_SECURE_NO_WARNINGS. See online help for details.
                 c:\program files (x86)\microsoft visual studio 11.0\vc\include\string.h(110) : see declaration of 'strcpy'
     1>c:\users\alek\documents\github\sgp4-microsoft-visual-studio-conversion\asttimedll\asttimedll\asttimedll.cpp(84): warning C4996: 'strcpy': This function or variable may be unsafe. Consider using strcpy_s instead. To disable deprecation, use _CRT_SECURE_NO_WARNINGS. See online help for details.
                 c:\program files (x86)\microsoft visual studio 11.0\vc\include\string.h(110) : see declaration of 'strcpy'
     1>c:\users\alek\documents\github\sgp4-microsoft-visual-studio-conversion\asttimedll\asttimedll\asttimedll.cpp(85): warning C4996: 'strcpy': This function or variable may be unsafe. Consider using strcpy_s instead. To disable deprecation, use _CRT_SECURE_NO_WARNINGS. See online help for details.
                 c:\program files (x86)\microsoft visual studio 11.0\vc\include\string.h(110) : see declaration of 'strcpy'
     1>c:\users\alek\documents\github\sgp4-microsoft-visual-studio-conversion\asttimedll\asttimedll\asttimedll.cpp(86): warning C4996: 'strcpy': This function or variable may be unsafe. Consider using strcpy_s instead. To disable deprecation, use _CRT_SECURE_NO_WARNINGS. See online help for details.
                 c:\program files (x86)\microsoft visual studio 11.0\vc\include\string.h(110) : see declaration of 'strcpy'
     1>c:\users\alek\documents\github\sgp4-microsoft-visual-studio-conversion\asttimedll\asttimedll\asttimedll.cpp(87): warning C4996: 'strcpy': This function or variable may be unsafe. Consider using strcpy_s instead. To disable deprecation, use _CRT_SECURE_NO_WARNINGS. See online help for details.
                 c:\program files (x86)\microsoft visual studio 11.0\vc\include\string.h(110) : see declaration of 'strcpy'
         C:\Program Files (x86)\Microsoft Visual Studio 11.0\VC\bin\CL.exe /c /I"C:\Users\Alek\Documents\GitHub\SGP4-Microsoft-Visual-Studio-Conversion\AstMathLIB\AstMathLIB" /ZI /nologo /W3 /WX- /sdl- /Od /Oy- /D WIN32 /D _DEBUG /D _WINDOWS /D _USRDLL /D ASTTIMEDLL_EXPORTS /D _WINDLL /D _UNICODE /D UNICODE /Gm /EHsc /RTC1 /MDd /GS /fp:precise /Zc:wchar_t /Zc:forScope /Fo"Debug\\" /Fd"Debug\vc110.pdb" /Gd /TP /analyze- /errorReport:prompt dllmain.cpp
         dllmain.cpp
       Link:
         C:\Program Files (x86)\Microsoft Visual Studio 11.0\VC\bin\link.exe /ERRORREPORT:PROMPT /OUT:"C:\Users\Alek\Documents\GitHub\SGP4-Microsoft-Visual-Studio-Conversion\AstTimeDLL\Debug\AstTimeDLL.dll" /INCREMENTAL /NOLOGO kernel32.lib user32.lib gdi32.lib winspool.lib comdlg32.lib advapi32.lib shell32.lib ole32.lib oleaut32.lib uuid.lib odbc32.lib odbccp32.lib /MANIFEST /MANIFESTUAC:"level='asInvoker' uiAccess='false'" /manifest:embed /DEBUG /PDB:"C:\Users\Alek\Documents\GitHub\SGP4-Microsoft-Visual-Studio-Conversion\AstTimeDLL\Debug\AstTimeDLL.pdb" /SUBSYSTEM:WINDOWS /TLBID:1 /DYNAMICBASE /NXCOMPAT /IMPLIB:"C:\Users\Alek\Documents\GitHub\SGP4-Microsoft-Visual-Studio-Conversion\AstTimeDLL\Debug\AstTimeDLL.lib" /MACHINE:X86 /DLL Debug\AstTimeDLL.obj
         Debug\dllmain.obj
         Debug\stdafx.obj
         "C:\Users\Alek\Documents\GitHub\SGP4-Microsoft-Visual-Studio-Conversion\AstTimeDLL\Debug\AstMathLIB.lib"
         AstTimeDLL.vcxproj -> C:\Users\Alek\Documents\GitHub\SGP4-Microsoft-Visual-Studio-Conversion\AstTimeDLL\Debug\AstTimeDLL.dll
     1>Done Building Project "C:\Users\Alek\Documents\GitHub\SGP4-Microsoft-Visual-Studio-Conversion\AstTimeDLL\AstTimeDLL\AstTimeDLL.vcxproj" (Rebuild target(s)).

Build succeeded.

Time Elapsed 00:00:02.66
